<?xml version="1.0" encoding="UTF-8"?>
<testsuite errors="0" failures="0" hostname="J1013420W7LT" name="org.gradle.PersonTest" tests="1" time="0.08" timestamp="2013-04-15T09:02:58">
  <properties />
  <testcase classname="org.gradle.PersonTest" name="canConstructAPersonWithAName" time="0.002" />
  <system-out><![CDATA[]]></system-out>
  <system-err><![CDATA[]]></system-err>
</testsuite>
